Tue Aug 21 20:41:07 Saved as file C:\MEUS DOCUMENTOS\PROJETOS\DECODIFICADOR COMTROLE REMOTO\CODIFICADOR DE CONTROLE REMOTO.MAX
Tue Aug 21 20:41:07 Saved as file BACKUP1.MAX
Tue Aug 21 20:41:07 Saved as file C:\MEUS DOCUMENTOS\PROJETOS\DECODIFICADOR COMTROLE REMOTO\CODIFICADOR DE CONTROLE REMOTO.MAX
Tue Aug 21 20:41:08 UserDiv from Layout.INI for AutoECO: 60
Tue Aug 21 20:41:08 Loaded file C:\MEUS DOCUMENTOS\PROJETOS\DECODIFICADOR COMTROLE REMOTO\CODIFICADOR DE CONTROLE REMOTO.MAX
Tue Aug 21 20:41:09 Loaded file C:\MEUS DOCUMENTOS\PROJETOS\TEMPLATE\BLIBIO~1.LLB
Tue Aug 21 20:41:10 Loaded file C:\PROGRAM FILES\ORCAD\LAYOUT_PLUS\library\BCON100T.llb
Tue Aug 21 20:41:10 Loaded file C:\PROGRAM FILES\ORCAD\LAYOUT_PLUS\library\BCON156T.llb
Tue Aug 21 20:41:11 Loaded file C:\PROGRAM FILES\ORCAD\LAYOUT_PLUS\library\BGA.llb
Tue Aug 21 20:41:12 Loaded file C:\PROGRAM FILES\ORCAD\LAYOUT_PLUS\library\CLCC.llb
Tue Aug 21 20:41:12 Loaded file C:\PROGRAM FILES\ORCAD\LAYOUT_PLUS\library\DCON050T.llb
Tue Aug 21 20:41:12 Loaded file C:\PROGRAM FILES\ORCAD\LAYOUT_PLUS\library\DCON085T.llb
Tue Aug 21 20:41:13 Loaded file C:\PROGRAM FILES\ORCAD\LAYOUT_PLUS\library\DIMM050F.llb
Tue Aug 21 20:41:13 Loaded file C:\PROGRAM FILES\ORCAD\LAYOUT_PLUS\library\DIMM050T.llb
Tue Aug 21 20:41:13 Loaded file C:\PROGRAM FILES\ORCAD\LAYOUT_PLUS\library\DIN.llb
Tue Aug 21 20:41:13 Loaded file C:\PROGRAM FILES\ORCAD\LAYOUT_PLUS\library\DIP100B.llb
Tue Aug 21 20:41:13 Loaded file C:\PROGRAM FILES\ORCAD\LAYOUT_PLUS\library\DIP100T.llb
Tue Aug 21 20:41:13 Loaded file C:\PROGRAM FILES\ORCAD\LAYOUT_PLUS\library\DSUBT.llb
Tue Aug 21 20:41:13 Loaded file C:\PROGRAM FILES\ORCAD\LAYOUT_PLUS\library\DSUBT_HD.LLB
Tue Aug 21 20:41:14 Loaded file C:\PROGRAM FILES\ORCAD\LAYOUT_PLUS\library\ECON100T.llb
Tue Aug 21 20:41:14 Loaded file C:\PROGRAM FILES\ORCAD\LAYOUT_PLUS\library\FBUS.llb
Tue Aug 21 20:41:14 Loaded file C:\PROGRAM FILES\ORCAD\LAYOUT_PLUS\library\ISA.llb
Tue Aug 21 20:41:14 Loaded file C:\PROGRAM FILES\ORCAD\LAYOUT_PLUS\library\JUMPER.LLB
Tue Aug 21 20:41:14 Loaded file C:\PROGRAM FILES\ORCAD\LAYOUT_PLUS\library\LAYOUT.llb
Tue Aug 21 20:41:14 Loaded file C:\PROGRAM FILES\ORCAD\LAYOUT_PLUS\library\LCON100T.llb
Tue Aug 21 20:41:15 Loaded file C:\PROGRAM FILES\ORCAD\LAYOUT_PLUS\library\PC104.llb
Tue Aug 21 20:41:15 Loaded file C:\PROGRAM FILES\ORCAD\LAYOUT_PLUS\library\PCI.llb
Tue Aug 21 20:41:15 Loaded file C:\PROGRAM FILES\ORCAD\LAYOUT_PLUS\library\PCON100T.llb
Tue Aug 21 20:41:15 Loaded file C:\PROGRAM FILES\ORCAD\LAYOUT_PLUS\library\PCON156T.llb
Tue Aug 21 20:41:16 Loaded file C:\PROGRAM FILES\ORCAD\LAYOUT_PLUS\library\PGA.llb
Tue Aug 21 20:41:16 Loaded file C:\PROGRAM FILES\ORCAD\LAYOUT_PLUS\library\PLCC.llb
Tue Aug 21 20:41:17 Loaded file C:\PROGRAM FILES\ORCAD\LAYOUT_PLUS\library\QUAD.llb
Tue Aug 21 20:41:17 Loaded file C:\PROGRAM FILES\ORCAD\LAYOUT_PLUS\library\QUADB.llb
Tue Aug 21 20:41:17 Loaded file C:\PROGRAM FILES\ORCAD\LAYOUT_PLUS\library\RELAY.llb
Tue Aug 21 20:41:18 Loaded file C:\PROGRAM FILES\ORCAD\LAYOUT_PLUS\library\RF.llb
Tue Aug 21 20:41:18 Loaded file C:\PROGRAM FILES\ORCAD\LAYOUT_PLUS\library\SBUS.llb
Tue Aug 21 20:41:18 Loaded file C:\PROGRAM FILES\ORCAD\LAYOUT_PLUS\library\SIMM050F.llb
Tue Aug 21 20:41:18 Loaded file C:\PROGRAM FILES\ORCAD\LAYOUT_PLUS\library\SIMM050T.llb
Tue Aug 21 20:41:18 Loaded file C:\PROGRAM FILES\ORCAD\LAYOUT_PLUS\library\SIMM100F.llb
Tue Aug 21 20:41:18 Loaded file C:\PROGRAM FILES\ORCAD\LAYOUT_PLUS\library\SIMM100T.llb
Tue Aug 21 20:41:18 Loaded file C:\PROGRAM FILES\ORCAD\LAYOUT_PLUS\library\SIP.llb
Tue Aug 21 20:41:19 Loaded file C:\PROGRAM FILES\ORCAD\LAYOUT_PLUS\library\SM.llb
Tue Aug 21 20:41:19 Loaded file C:\PROGRAM FILES\ORCAD\LAYOUT_PLUS\library\SOG.llb
Tue Aug 21 20:41:19 Loaded file C:\PROGRAM FILES\ORCAD\LAYOUT_PLUS\library\SOJ.llb
Tue Aug 21 20:41:20 Loaded file C:\PROGRAM FILES\ORCAD\LAYOUT_PLUS\library\STIFF.llb
Tue Aug 21 20:41:20 Loaded file C:\PROGRAM FILES\ORCAD\LAYOUT_PLUS\library\TELE.llb
Tue Aug 21 20:41:20 Loaded file C:\PROGRAM FILES\ORCAD\LAYOUT_PLUS\library\TM_AXIAL.llb
Tue Aug 21 20:41:20 Loaded file C:\PROGRAM FILES\ORCAD\LAYOUT_PLUS\library\TM_CAP_P.llb
Tue Aug 21 20:41:21 Loaded file C:\PROGRAM FILES\ORCAD\LAYOUT_PLUS\library\TM_CYLND.llb
Tue Aug 21 20:41:21 Loaded file C:\PROGRAM FILES\ORCAD\LAYOUT_PLUS\library\TM_DIODE.llb
Tue Aug 21 20:41:21 Loaded file C:\PROGRAM FILES\ORCAD\LAYOUT_PLUS\library\TM_DISC.llb
Tue Aug 21 20:41:21 Loaded file C:\PROGRAM FILES\ORCAD\LAYOUT_PLUS\library\TM_RAD.llb
Tue Aug 21 20:41:22 Loaded file C:\PROGRAM FILES\ORCAD\LAYOUT_PLUS\library\TO.llb
Tue Aug 21 20:41:22 Loaded file C:\PROGRAM FILES\ORCAD\LAYOUT_PLUS\library\TRAINING.LLB
Tue Aug 21 20:41:22 Loaded file C:\PROGRAM FILES\ORCAD\LAYOUT_PLUS\library\VRES.llb
Tue Aug 21 20:41:22 Loaded file C:\PROGRAM FILES\ORCAD\LAYOUT_PLUS\library\WCON100T.llb
Tue Aug 21 20:41:23 Loaded file C:\PROGRAM FILES\ORCAD\LAYOUT_PLUS\library\XT.llb
Tue Aug 21 20:41:23 Loaded file C:\PROGRAM FILES\ORCAD\LAYOUT_PLUS\library\ZIGZAG.llb
Tue Aug 21 20:41:23 Loaded file C:\MEUS DOCUMENTOS\PROJETOS\TEMPLATE\BLIBIO~1.LLB
Tue Aug 21 20:41:24 Loaded file C:\MEUS DOCUMENTOS\PROJETOS\TEMPLATE\BLIBIO~1.LLB
Tue Aug 21 20:41:24 Library file not found:USER.PRT
Tue Aug 21 20:41:24 Library file not found:USER.PRT
Tue Aug 21 20:41:29 Loaded file C:\PROGRAM FILES\ORCAD\LAYOUT_PLUS\data\template.imp
Tue Aug 21 20:41:29 Loaded file C:\PROGRAM FILES\ORCAD\LAYOUT_PLUS\data\template.imp
Tue Aug 21 20:41:33 Loaded file C:\PROGRAM FILES\ORCAD\LAYOUT_PLUS\data\template.imp
Tue Aug 21 20:41:49 Loaded file C:\PROGRAM FILES\ORCAD\LAYOUT_PLUS\library\TM_AXIAL.llb
Tue Aug 21 20:41:51 Loaded file C:\PROGRAM FILES\ORCAD\LAYOUT_PLUS\data\template.imp
Tue Aug 21 20:41:52 Loaded file C:\PROGRAM FILES\ORCAD\LAYOUT_PLUS\library\TM_AXIAL.llb
Tue Aug 21 20:41:53 Saved as file C:\MEUS DOCUMENTOS\PROJETOS\DECODIFICADOR COMTROLE REMOTO\CODIFICADOR DE CONTROLE REMOTO.MAX
Tue Aug 21 20:41:54 Loaded file C:\MEUS DOCUMENTOS\PROJETOS\DECODIFICADOR COMTROLE REMOTO\CODIFICADOR DE CONTROLE REMOTO.MAX
Tue Aug 21 20:51:15 Saved as file C:\MEUS DOCUMENTOS\PROJETOS\DECODIFICADOR COMTROLE REMOTO\CODIFICADOR DE CONTROLE REMOTO.MAX
Tue Aug 21 20:51:30 Saved as file BACKUP1.MAX
Tue Aug 21 20:51:30 No new connections routed.
Tue Aug 21 20:51:30 Total is now 0 out of 21 (0%).
Tue Aug 21 20:51:31 Saved as file SWEEP1.MAX
Tue Aug 21 20:51:38 Saved as file BACKUP1.MAX
Tue Aug 21 20:51:38 Routed 21 connections in 7 seconds.
Tue Aug 21 20:51:38 Total is now 21 out of 21 (100%).
Tue Aug 21 20:51:38 Saved as file SWEEP2.MAX
Tue Aug 21 20:51:39 No new connections routed.
Tue Aug 21 20:51:39 Total is now 21 out of 21 (100%).
Tue Aug 21 20:51:39 Saved as file SWEEP3.MAX
Tue Aug 21 20:51:40 No new connections routed.
Tue Aug 21 20:51:40 Total is now 21 out of 21 (100%).
Tue Aug 21 20:51:40 Saved as file SWEEP4.MAX
Tue Aug 21 20:51:41 No new connections routed.
Tue Aug 21 20:51:41 Total is now 21 out of 21 (100%).
Tue Aug 21 20:51:41 Saved as file SWEEP5.MAX
Tue Aug 21 20:52:14 Saved as file C:\MEUS DOCUMENTOS\PROJETOS\DECODIFICADOR COMTROLE REMOTO\CODIFICADOR DE CONTROLE REMOTO.MAX
Tue Aug 21 20:53:00 Saved as file C:\MEUS DOCUMENTOS\PROJETOS\DECODIFICADOR COMTROLE REMOTO\DECODIFICADOR DE CONTROLE REMOTO.MAX
Tue Aug 21 20:53:00 Saved as file BACKUP1.MAX
Tue Aug 21 20:53:00 Saved as file C:\MEUS DOCUMENTOS\PROJETOS\DECODIFICADOR COMTROLE REMOTO\DECODIFICADOR DE CONTROLE REMOTO.MAX
Tue Aug 21 20:53:02 UserDiv from Layout.INI for AutoECO: 60
Tue Aug 21 20:53:02 Loaded file C:\MEUS DOCUMENTOS\PROJETOS\DECODIFICADOR COMTROLE REMOTO\DECODIFICADOR DE CONTROLE REMOTO.MAX
Tue Aug 21 20:53:02 Loaded file C:\MEUS DOCUMENTOS\PROJETOS\TEMPLATE\BLIBIO~1.LLB
Tue Aug 21 20:53:03 Loaded file C:\PROGRAM FILES\ORCAD\LAYOUT_PLUS\library\BCON100T.llb
Tue Aug 21 20:53:04 Loaded file C:\PROGRAM FILES\ORCAD\LAYOUT_PLUS\library\BCON156T.llb
Tue Aug 21 20:53:05 Loaded file C:\PROGRAM FILES\ORCAD\LAYOUT_PLUS\library\BGA.llb
Tue Aug 21 20:53:05 Loaded file C:\PROGRAM FILES\ORCAD\LAYOUT_PLUS\library\CLCC.llb
Tue Aug 21 20:53:05 Loaded file C:\PROGRAM FILES\ORCAD\LAYOUT_PLUS\library\DCON050T.llb
Tue Aug 21 20:53:05 Loaded file C:\PROGRAM FILES\ORCAD\LAYOUT_PLUS\library\DCON085T.llb
Tue Aug 21 20:53:05 Loaded file C:\PROGRAM FILES\ORCAD\LAYOUT_PLUS\library\DIMM050F.llb
Tue Aug 21 20:53:06 Loaded file C:\PROGRAM FILES\ORCAD\LAYOUT_PLUS\library\DIMM050T.llb
Tue Aug 21 20:53:06 Loaded file C:\PROGRAM FILES\ORCAD\LAYOUT_PLUS\library\DIN.llb
Tue Aug 21 20:53:06 Loaded file C:\PROGRAM FILES\ORCAD\LAYOUT_PLUS\library\DIP100B.llb
Tue Aug 21 20:53:06 Loaded file C:\PROGRAM FILES\ORCAD\LAYOUT_PLUS\library\DIP100T.llb
Tue Aug 21 20:53:06 Loaded file C:\PROGRAM FILES\ORCAD\LAYOUT_PLUS\library\DSUBT.llb
Tue Aug 21 20:53:06 Loaded file C:\PROGRAM FILES\ORCAD\LAYOUT_PLUS\library\DSUBT_HD.LLB
Tue Aug 21 20:53:06 Loaded file C:\PROGRAM FILES\ORCAD\LAYOUT_PLUS\library\ECON100T.llb
Tue Aug 21 20:53:07 Loaded file C:\PROGRAM FILES\ORCAD\LAYOUT_PLUS\library\FBUS.llb
Tue Aug 21 20:53:07 Loaded file C:\PROGRAM FILES\ORCAD\LAYOUT_PLUS\library\ISA.llb
Tue Aug 21 20:53:07 Loaded file C:\PROGRAM FILES\ORCAD\LAYOUT_PLUS\library\JUMPER.LLB
Tue Aug 21 20:53:07 Loaded file C:\PROGRAM FILES\ORCAD\LAYOUT_PLUS\library\LAYOUT.llb
Tue Aug 21 20:53:07 Loaded file C:\PROGRAM FILES\ORCAD\LAYOUT_PLUS\library\LCON100T.llb
Tue Aug 21 20:53:07 Loaded file C:\PROGRAM FILES\ORCAD\LAYOUT_PLUS\library\PC104.llb
Tue Aug 21 20:53:07 Loaded file C:\PROGRAM FILES\ORCAD\LAYOUT_PLUS\library\PCI.llb
Tue Aug 21 20:53:07 Loaded file C:\PROGRAM FILES\ORCAD\LAYOUT_PLUS\library\PCON100T.llb
Tue Aug 21 20:53:08 Loaded file C:\PROGRAM FILES\ORCAD\LAYOUT_PLUS\library\PCON156T.llb
Tue Aug 21 20:53:08 Loaded file C:\PROGRAM FILES\ORCAD\LAYOUT_PLUS\library\PGA.llb
Tue Aug 21 20:53:08 Loaded file C:\PROGRAM FILES\ORCAD\LAYOUT_PLUS\library\PLCC.llb
Tue Aug 21 20:53:09 Loaded file C:\PROGRAM FILES\ORCAD\LAYOUT_PLUS\library\QUAD.llb
Tue Aug 21 20:53:10 Loaded file C:\PROGRAM FILES\ORCAD\LAYOUT_PLUS\library\QUADB.llb
Tue Aug 21 20:53:10 Loaded file C:\PROGRAM FILES\ORCAD\LAYOUT_PLUS\library\RELAY.llb
Tue Aug 21 20:53:10 Loaded file C:\PROGRAM FILES\ORCAD\LAYOUT_PLUS\library\RF.llb
Tue Aug 21 20:53:10 Loaded file C:\PROGRAM FILES\ORCAD\LAYOUT_PLUS\library\SBUS.llb
Tue Aug 21 20:53:10 Loaded file C:\PROGRAM FILES\ORCAD\LAYOUT_PLUS\library\SIMM050F.llb
Tue Aug 21 20:53:10 Loaded file C:\PROGRAM FILES\ORCAD\LAYOUT_PLUS\library\SIMM050T.llb
Tue Aug 21 20:53:11 Loaded file C:\PROGRAM FILES\ORCAD\LAYOUT_PLUS\library\SIMM100F.llb
Tue Aug 21 20:53:11 Loaded file C:\PROGRAM FILES\ORCAD\LAYOUT_PLUS\library\SIMM100T.llb
Tue Aug 21 20:53:11 Loaded file C:\PROGRAM FILES\ORCAD\LAYOUT_PLUS\library\SIP.llb
Tue Aug 21 20:53:11 Loaded file C:\PROGRAM FILES\ORCAD\LAYOUT_PLUS\library\SM.llb
Tue Aug 21 20:53:11 Loaded file C:\PROGRAM FILES\ORCAD\LAYOUT_PLUS\library\SOG.llb
Tue Aug 21 20:53:12 Loaded file C:\PROGRAM FILES\ORCAD\LAYOUT_PLUS\library\SOJ.llb
Tue Aug 21 20:53:12 Loaded file C:\PROGRAM FILES\ORCAD\LAYOUT_PLUS\library\STIFF.llb
Tue Aug 21 20:53:12 Loaded file C:\PROGRAM FILES\ORCAD\LAYOUT_PLUS\library\TELE.llb
Tue Aug 21 20:53:12 Loaded file C:\PROGRAM FILES\ORCAD\LAYOUT_PLUS\library\TM_AXIAL.llb
Tue Aug 21 20:53:12 Loaded file C:\PROGRAM FILES\ORCAD\LAYOUT_PLUS\library\TM_CAP_P.llb
Tue Aug 21 20:53:13 Loaded file C:\PROGRAM FILES\ORCAD\LAYOUT_PLUS\library\TM_CYLND.llb
Tue Aug 21 20:53:13 Loaded file C:\PROGRAM FILES\ORCAD\LAYOUT_PLUS\library\TM_DIODE.llb
Tue Aug 21 20:53:13 Loaded file C:\PROGRAM FILES\ORCAD\LAYOUT_PLUS\library\TM_DISC.llb
Tue Aug 21 20:53:13 Loaded file C:\PROGRAM FILES\ORCAD\LAYOUT_PLUS\library\TM_RAD.llb
Tue Aug 21 20:53:14 Loaded file C:\PROGRAM FILES\ORCAD\LAYOUT_PLUS\library\TO.llb
Tue Aug 21 20:53:14 Loaded file C:\PROGRAM FILES\ORCAD\LAYOUT_PLUS\library\TRAINING.LLB
Tue Aug 21 20:53:14 Loaded file C:\PROGRAM FILES\ORCAD\LAYOUT_PLUS\library\VRES.llb
Tue Aug 21 20:53:14 Loaded file C:\PROGRAM FILES\ORCAD\LAYOUT_PLUS\library\WCON100T.llb
Tue Aug 21 20:53:15 Loaded file C:\PROGRAM FILES\ORCAD\LAYOUT_PLUS\library\XT.llb
Tue Aug 21 20:53:15 Loaded file C:\PROGRAM FILES\ORCAD\LAYOUT_PLUS\library\ZIGZAG.llb
Tue Aug 21 20:53:16 Loaded file C:\MEUS DOCUMENTOS\PROJETOS\DECODIFICADOR COMTROLE REMOTO\DECODIFICADOR DE CONTROLE REMOTO.MAX
Tue Aug 21 20:53:16 Saved as file C:\MEUS DOCUMENTOS\PROJETOS\DECODIFICADOR COMTROLE REMOTO\DECODIFICADOR DE CONTROLE REMOTO.MAX
Tue Aug 21 20:53:16 Loaded file C:\MEUS DOCUMENTOS\PROJETOS\DECODIFICADOR COMTROLE REMOTO\DECODIFICADOR DE CONTROLE REMOTO.MAX
Tue Aug 21 20:54:51 Saved as file BACKUP1.MAX
Tue Aug 21 20:54:51 Saved as file C:\MEUS DOCUMENTOS\PROJETOS\DECODIFICADOR COMTROLE REMOTO\DECODIFICADOR DE CONTROLE REMOTO.MAX
Tue Aug 21 20:54:51 UserDiv from Layout.INI for AutoECO: 60
Tue Aug 21 20:54:52 Loaded file C:\MEUS DOCUMENTOS\PROJETOS\DECODIFICADOR COMTROLE REMOTO\DECODIFICADOR DE CONTROLE REMOTO.MAX
Tue Aug 21 20:54:53 Loaded file C:\MEUS DOCUMENTOS\PROJETOS\TEMPLATE\BLIBIO~1.LLB
Tue Aug 21 20:54:53 Loaded file C:\PROGRAM FILES\ORCAD\LAYOUT_PLUS\library\BCON100T.llb
Tue Aug 21 20:54:53 Loaded file C:\PROGRAM FILES\ORCAD\LAYOUT_PLUS\library\BCON156T.llb
Tue Aug 21 20:54:54 Loaded file C:\PROGRAM FILES\ORCAD\LAYOUT_PLUS\library\BGA.llb
Tue Aug 21 20:54:54 Loaded file C:\PROGRAM FILES\ORCAD\LAYOUT_PLUS\library\CLCC.llb
Tue Aug 21 20:54:55 Loaded file C:\PROGRAM FILES\ORCAD\LAYOUT_PLUS\library\DCON050T.llb
Tue Aug 21 20:54:55 Loaded file C:\PROGRAM FILES\ORCAD\LAYOUT_PLUS\library\DCON085T.llb
Tue Aug 21 20:54:55 Loaded file C:\PROGRAM FILES\ORCAD\LAYOUT_PLUS\library\DIMM050F.llb
Tue Aug 21 20:54:55 Loaded file C:\PROGRAM FILES\ORCAD\LAYOUT_PLUS\library\DIMM050T.llb
Tue Aug 21 20:54:55 Loaded file C:\PROGRAM FILES\ORCAD\LAYOUT_PLUS\library\DIN.llb
Tue Aug 21 20:54:55 Loaded file C:\PROGRAM FILES\ORCAD\LAYOUT_PLUS\library\DIP100B.llb
Tue Aug 21 20:54:55 Loaded file C:\PROGRAM FILES\ORCAD\LAYOUT_PLUS\library\DIP100T.llb
Tue Aug 21 20:54:56 Loaded file C:\PROGRAM FILES\ORCAD\LAYOUT_PLUS\library\DSUBT.llb
Tue Aug 21 20:54:56 Loaded file C:\PROGRAM FILES\ORCAD\LAYOUT_PLUS\library\DSUBT_HD.LLB
Tue Aug 21 20:54:56 Loaded file C:\PROGRAM FILES\ORCAD\LAYOUT_PLUS\library\ECON100T.llb
Tue Aug 21 20:54:56 Loaded file C:\PROGRAM FILES\ORCAD\LAYOUT_PLUS\library\FBUS.llb
Tue Aug 21 20:54:56 Loaded file C:\PROGRAM FILES\ORCAD\LAYOUT_PLUS\library\ISA.llb
Tue Aug 21 20:54:56 Loaded file C:\PROGRAM FILES\ORCAD\LAYOUT_PLUS\library\JUMPER.LLB
Tue Aug 21 20:54:56 Loaded file C:\PROGRAM FILES\ORCAD\LAYOUT_PLUS\library\LAYOUT.llb
Tue Aug 21 20:54:57 Loaded file C:\PROGRAM FILES\ORCAD\LAYOUT_PLUS\library\LCON100T.llb
Tue Aug 21 20:54:57 Loaded file C:\PROGRAM FILES\ORCAD\LAYOUT_PLUS\library\PC104.llb
Tue Aug 21 20:54:57 Loaded file C:\PROGRAM FILES\ORCAD\LAYOUT_PLUS\library\PCI.llb
Tue Aug 21 20:54:57 Loaded file C:\PROGRAM FILES\ORCAD\LAYOUT_PLUS\library\PCON100T.llb
Tue Aug 21 20:54:57 Loaded file C:\PROGRAM FILES\ORCAD\LAYOUT_PLUS\library\PCON156T.llb
Tue Aug 21 20:54:58 Loaded file C:\PROGRAM FILES\ORCAD\LAYOUT_PLUS\library\PGA.llb
Tue Aug 21 20:54:58 Loaded file C:\PROGRAM FILES\ORCAD\LAYOUT_PLUS\library\PLCC.llb
Tue Aug 21 20:54:59 Loaded file C:\PROGRAM FILES\ORCAD\LAYOUT_PLUS\library\QUAD.llb
Tue Aug 21 20:54:59 Loaded file C:\PROGRAM FILES\ORCAD\LAYOUT_PLUS\library\QUADB.llb
Tue Aug 21 20:54:59 Loaded file C:\PROGRAM FILES\ORCAD\LAYOUT_PLUS\library\RELAY.llb
Tue Aug 21 20:55:00 Loaded file C:\PROGRAM FILES\ORCAD\LAYOUT_PLUS\library\RF.llb
Tue Aug 21 20:55:00 Loaded file C:\PROGRAM FILES\ORCAD\LAYOUT_PLUS\library\SBUS.llb
Tue Aug 21 20:55:00 Loaded file C:\PROGRAM FILES\ORCAD\LAYOUT_PLUS\library\SIMM050F.llb
Tue Aug 21 20:55:00 Loaded file C:\PROGRAM FILES\ORCAD\LAYOUT_PLUS\library\SIMM050T.llb
Tue Aug 21 20:55:00 Loaded file C:\PROGRAM FILES\ORCAD\LAYOUT_PLUS\library\SIMM100F.llb
Tue Aug 21 20:55:00 Loaded file C:\PROGRAM FILES\ORCAD\LAYOUT_PLUS\library\SIMM100T.llb
Tue Aug 21 20:55:00 Loaded file C:\PROGRAM FILES\ORCAD\LAYOUT_PLUS\library\SIP.llb
Tue Aug 21 20:55:01 Loaded file C:\PROGRAM FILES\ORCAD\LAYOUT_PLUS\library\SM.llb
Tue Aug 21 20:55:01 Loaded file C:\PROGRAM FILES\ORCAD\LAYOUT_PLUS\library\SOG.llb
Tue Aug 21 20:55:01 Loaded file C:\PROGRAM FILES\ORCAD\LAYOUT_PLUS\library\SOJ.llb
Tue Aug 21 20:55:02 Loaded file C:\PROGRAM FILES\ORCAD\LAYOUT_PLUS\library\STIFF.llb
Tue Aug 21 20:55:02 Loaded file C:\PROGRAM FILES\ORCAD\LAYOUT_PLUS\library\TELE.llb
Tue Aug 21 20:55:02 Loaded file C:\PROGRAM FILES\ORCAD\LAYOUT_PLUS\library\TM_AXIAL.llb
Tue Aug 21 20:55:02 Loaded file C:\PROGRAM FILES\ORCAD\LAYOUT_PLUS\library\TM_CAP_P.llb
Tue Aug 21 20:55:03 Loaded file C:\PROGRAM FILES\ORCAD\LAYOUT_PLUS\library\TM_CYLND.llb
Tue Aug 21 20:55:03 Loaded file C:\PROGRAM FILES\ORCAD\LAYOUT_PLUS\library\TM_DIODE.llb
Tue Aug 21 20:55:03 Loaded file C:\PROGRAM FILES\ORCAD\LAYOUT_PLUS\library\TM_DISC.llb
Tue Aug 21 20:55:03 Loaded file C:\PROGRAM FILES\ORCAD\LAYOUT_PLUS\library\TM_RAD.llb
Tue Aug 21 20:55:04 Loaded file C:\PROGRAM FILES\ORCAD\LAYOUT_PLUS\library\TO.llb
Tue Aug 21 20:55:04 Loaded file C:\PROGRAM FILES\ORCAD\LAYOUT_PLUS\library\TRAINING.LLB
Tue Aug 21 20:55:04 Loaded file C:\PROGRAM FILES\ORCAD\LAYOUT_PLUS\library\VRES.llb
Tue Aug 21 20:55:05 Loaded file C:\PROGRAM FILES\ORCAD\LAYOUT_PLUS\library\WCON100T.llb
Tue Aug 21 20:55:05 Loaded file C:\PROGRAM FILES\ORCAD\LAYOUT_PLUS\library\XT.llb
Tue Aug 21 20:55:05 Loaded file C:\PROGRAM FILES\ORCAD\LAYOUT_PLUS\library\ZIGZAG.llb
Tue Aug 21 20:55:09 Loaded file C:\PROGRAM FILES\ORCAD\LAYOUT_PLUS\data\template.imp
Tue Aug 21 20:55:09 Loaded file C:\PROGRAM FILES\ORCAD\LAYOUT_PLUS\data\template.imp
Tue Aug 21 20:55:13 Loaded file C:\MEUS DOCUMENTOS\PROJETOS\TEMPLATE\BLIBIO~1.LLB
Tue Aug 21 20:55:18 Loaded file C:\PROGRAM FILES\ORCAD\LAYOUT_PLUS\data\template.imp
Tue Aug 21 20:55:19 Loaded file C:\MEUS DOCUMENTOS\PROJETOS\TEMPLATE\BLIBIO~1.LLB
Tue Aug 21 20:55:20 Loaded file C:\MEUS DOCUMENTOS\PROJETOS\TEMPLATE\BLIBIO~1.LLB
Tue Aug 21 20:55:20 Loaded file C:\PROGRAM FILES\ORCAD\LAYOUT_PLUS\library\TM_AXIAL.llb
Tue Aug 21 20:55:28 Loaded file C:\PROGRAM FILES\ORCAD\LAYOUT_PLUS\data\template.imp
Tue Aug 21 20:55:28 Loaded file C:\PROGRAM FILES\ORCAD\LAYOUT_PLUS\data\template.imp
Tue Aug 21 20:55:32 Loaded file C:\MEUS DOCUMENTOS\PROJETOS\TEMPLATE\BLIBIO~1.LLB
Tue Aug 21 20:55:45 Loaded file C:\PROGRAM FILES\ORCAD\LAYOUT_PLUS\library\BCON100T.llb
Tue Aug 21 20:55:47 Loaded file C:\PROGRAM FILES\ORCAD\LAYOUT_PLUS\data\template.imp
Tue Aug 21 20:55:52 Loaded file C:\PROGRAM FILES\ORCAD\LAYOUT_PLUS\library\BCON100T.llb
Tue Aug 21 20:55:53 Saved as file C:\MEUS DOCUMENTOS\PROJETOS\DECODIFICADOR COMTROLE REMOTO\DECODIFICADOR DE CONTROLE REMOTO.MAX
Tue Aug 21 20:55:56 Loaded file C:\MEUS DOCUMENTOS\PROJETOS\DECODIFICADOR COMTROLE REMOTO\DECODIFICADOR DE CONTROLE REMOTO.MAX
Tue Aug 21 21:01:14 Loaded file C:\PROGRAM FILES\ORCAD\LAYOUT_PLUS\data\template.imp
Tue Aug 21 21:01:14 Loaded file C:\PROGRAM FILES\ORCAD\LAYOUT_PLUS\data\template.imp
Tue Aug 21 21:01:14 Loaded file C:\PROGRAM FILES\ORCAD\LAYOUT_PLUS\data\template.imp
Tue Aug 21 21:01:15 Loaded file C:\PROGRAM FILES\ORCAD\LAYOUT_PLUS\data\template.imp
Tue Aug 21 21:01:18 Loaded file C:\MEUS DOCUMENTOS\PROJETOS\TEMPLATE\BLIBIO~1.LLB
Tue Aug 21 21:01:25 Loaded file C:\PROGRAM FILES\ORCAD\LAYOUT_PLUS\data\template.imp
Tue Aug 21 21:04:24 Saved as file BACKUP1.MAX
Tue Aug 21 21:04:49 Saved as file C:\MEUS DOCUMENTOS\PROJETOS\DECODIFICADOR COMTROLE REMOTO\DECODIFICADOR DE CONTROLE REMOTO.MAX
Tue Aug 21 21:05:15 Saved as file BACKUP1.MAX
Tue Aug 21 21:05:15 Routed 1 connections in 1 seconds.
Tue Aug 21 21:05:15 Total is now 1 out of 21 (4%).
Tue Aug 21 21:05:15 Saved as file SWEEP1.MAX
Tue Aug 21 21:05:18 Saved as file BACKUP1.MAX
Tue Aug 21 21:05:18 Routed 2 connections in 3 seconds.
Tue Aug 21 21:05:19 Total is now 3 out of 21 (14%).
Tue Aug 21 21:05:19 Saved as file SWEEP2.MAX
Tue Aug 21 21:05:50 Routed 17 connections in 31 seconds.
Tue Aug 21 21:05:50 Total is now 20 out of 21 (95%).
Tue Aug 21 21:05:50 Saved as file SWEEP3.MAX
Tue Aug 21 21:07:57 Saved as file BACKUP1.MAX
Tue Aug 21 21:07:57 No new connections routed.
Tue Aug 21 21:07:57 Total is now 14 out of 21 (66%).
Tue Aug 21 21:07:57 Saved as file SWEEP1.MAX
Tue Aug 21 21:08:01 Saved as file BACKUP1.MAX
Tue Aug 21 21:08:01 Routed 7 connections in 3 seconds.
Tue Aug 21 21:08:01 Total is now 21 out of 21 (100%).
Tue Aug 21 21:08:01 Saved as file SWEEP2.MAX
Tue Aug 21 21:08:02 No new connections routed.
Tue Aug 21 21:08:02 Total is now 21 out of 21 (100%).
Tue Aug 21 21:08:02 Saved as file SWEEP3.MAX
Tue Aug 21 21:08:03 No new connections routed.
Tue Aug 21 21:08:03 Total is now 21 out of 21 (100%).
Tue Aug 21 21:08:03 Saved as file SWEEP4.MAX
Tue Aug 21 21:08:04 No new connections routed.
Tue Aug 21 21:08:04 Total is now 21 out of 21 (100%).
Tue Aug 21 21:08:04 Saved as file SWEEP5.MAX
Tue Aug 21 21:09:40 Saved as file C:\MEUS DOCUMENTOS\PROJETOS\DECODIFICADOR COMTROLE REMOTO\DECODIFICADOR DE CONTROLE REMOTO.MAX
Tue Aug 21 21:10:34 Saved as file C:\MEUS DOCUMENTOS\PROJETOS\DECODIFICADOR COMTROLE REMOTO\DECODIFICADOR DE CONTROLE REMOTO.MAX
Tue Aug 21 21:11:58 Saved as file C:\MEUS DOCUMENTOS\PROJETOS\DECODIFICADOR COMTROLE REMOTO\CODIFICADOR DE CONTROLE REMOTO.MAX
Tue Aug 21 21:12:18 Loaded file C:\Meus documentos\PROJETOS\Decodificador Comtrole remoto\CODIFICADOR DE CONTROLE REMOTO.MAX
Tue Aug 21 21:12:39 Loaded file C:\Meus documentos\PROJETOS\Decodificador Comtrole remoto\DECODIFICADOR DE CONTROLE REMOTO.MAX
Wed Aug 22 15:21:03 Loaded file C:\MEUS DOCUMENTOS\PROJETOS\DECODIFICADOR COMTROLE REMOTO\DECODIFICADOR DE CONTROLE REMOTO.MAX
